Arguments: 
  /usr/local/bin/node /usr/local/Cellar/yarn/1.22.19/libexec/bin/yarn.js install

PATH: 
  /Users/a/.rvm/gems/ruby-3.0.5/bin:/Users/a/.rvm/gems/ruby-3.0.5@global/bin:/Users/a/.rvm/rubies/ruby-3.0.5/bin:/usr/local/bin:/usr/bin:/bin:/usr/sbin:/sbin:/Users/a/.rvm/gems/ruby-3.0.5/bin:/Users/a/.rvm/gems/ruby-3.0.5@global/bin:/Users/a/.rvm/rubies/ruby-3.0.5/bin:/Users/a/.rvm/bin:/Users/a/.rvm/bin

Yarn version: 
  1.22.19

Node version: 
  16.13.1

Platform: 
  darwin x64

Trace: 
  SyntaxError: /Users/a/Desktop/mini project/SocialSphere/package.json: Unexpected end of JSON input
      at JSON.parse (<anonymous>)
      at /usr/local/Cellar/yarn/1.22.19/libexec/lib/cli.js:1629:59
      at Generator.next (<anonymous>)
      at step (/usr/local/Cellar/yarn/1.22.19/libexec/lib/cli.js:310:30)
      at /usr/local/Cellar/yarn/1.22.19/libexec/lib/cli.js:321:13

npm manifest: 
  

yarn manifest: 
  No manifest

Lockfile: 
  No lockfile
